Using pre-set license
Built from '2020.3/staging' branch; Version is '2020.3.23f1 (c5d91304a876) revision 12966163'; Using compiler version '192528614'; Build Type 'Release'
OS: 'Windows 10 Education; OS build 18363.1916; Version 1909; 64bit' Language: 'en' Physical Memory: 16222 MB
BatchMode: 1, IsHumanControllingUs: 0, StartBugReporterOnCrash: 0, Is64bit: 1, IsPro: 0

COMMAND LINE ARGUMENTS:
D:\Application\Unity\2020.3.23f1\Editor\Unity.exe
-adb2
-batchMode
-noUpm
-name
AssetImportWorker0
-projectPath
D:/Year 2/Sem 2/ITD_DDA_ASG_2/Unity ITD Assignment 2/ITD Assignment 2
-logFile
Logs/AssetImportWorker0.log
-srvPort
59912
Successfully changed project path to: D:/Year 2/Sem 2/ITD_DDA_ASG_2/Unity ITD Assignment 2/ITD Assignment 2
D:/Year 2/Sem 2/ITD_DDA_ASG_2/Unity ITD Assignment 2/ITD Assignment 2
Using Asset Import Pipeline V2.
Refreshing native plugins compatible for Editor in 54.47 ms, found 2 plugins.
Preloading 0 native plugins for Editor in 0.00 ms.
Initialize engine version: 2020.3.23f1 (c5d91304a876)
[Subsystems] Discovering subsystems at path D:/Application/Unity/2020.3.23f1/Editor/Data/Resources/UnitySubsystems
[Subsystems] Discovering subsystems at path D:/Year 2/Sem 2/ITD_DDA_ASG_2/Unity ITD Assignment 2/ITD Assignment 2/Assets
GfxDevice: creating device client; threaded=0
Direct3D:
    Version:  Direct3D 11.0 [level 11.1]
    Renderer: NVIDIA GeForce GTX 1050 Ti (ID=0x1c8c)
    Vendor:   
    VRAM:     4018 MB
    Driver:   27.21.14.6677
Initialize mono
Mono path[0] = 'D:/Application/Unity/2020.3.23f1/Editor/Data/Managed'
Mono path[1] = 'D:/Application/Unity/2020.3.23f1/Editor/Data/MonoBleedingEdge/lib/mono/unityjit'
Mono config path = 'D:/Application/Unity/2020.3.23f1/Editor/Data/MonoBleedingEdge/etc'
Using monoOptions --debugger-agent=transport=dt_socket,embedding=1,server=y,suspend=n,address=127.0.0.1:56152
Begin MonoManager ReloadAssembly
Registering precompiled unity dll's ...
Register platform support module: D:/Application/Unity/2020.3.23f1/Editor/Data/PlaybackEngines/WindowsStandaloneSupport/UnityEditor.WindowsStandalone.Extensions.dll
Registered in 0.001414 seconds.
Native extension for WindowsStandalone target not found
Refreshing native plugins compatible for Editor in 55.19 ms, found 2 plugins.
Preloading 0 native plugins for Editor in 0.00 ms.
Mono: successfully reloaded assembly
- Completed reload, in  0.674 seconds
Domain Reload Profiling:
	ReloadAssembly (674ms)
		BeginReloadAssembly (70ms)
			ExecutionOrderSort (0ms)
			DisableScriptedObjects (0ms)
			BackupInstance (0ms)
			ReleaseScriptingObjects (0ms)
			CreateAndSetChildDomain (1ms)
		EndReloadAssembly (529ms)
			LoadAssemblies (70ms)
			RebuildTransferFunctionScriptingTraits (0ms)
			SetupTypeCache (163ms)
			ReleaseScriptCaches (0ms)
			RebuildScriptCaches (43ms)
			SetupLoadedEditorAssemblies (218ms)
				LogAssemblyErrors (0ms)
				InitializePlatformSupportModulesInManaged (5ms)
				SetLoadedEditorAssemblies (0ms)
				RefreshPlugins (55ms)
				BeforeProcessingInitializeOnLoad (18ms)
				ProcessInitializeOnLoadAttributes (97ms)
				ProcessInitializeOnLoadMethodAttributes (43ms)
				AfterProcessingInitializeOnLoad (0ms)
				EditorAssembliesLoaded (0ms)
			ExecutionOrderSort2 (0ms)
			AwakeInstancesAfterBackupRestoration (0ms)
Platform modules already initialized, skipping
Registering precompiled user dll's ...
Registered in 0.005889 seconds.
Begin MonoManager ReloadAssembly
Native extension for WindowsStandalone target not found
Refreshing native plugins compatible for Editor in 125.07 ms, found 2 plugins.
Preloading 0 native plugins for Editor in 0.00 ms.
Mono: successfully reloaded assembly
- Completed reload, in  3.124 seconds
Domain Reload Profiling:
	ReloadAssembly (3125ms)
		BeginReloadAssembly (436ms)
			ExecutionOrderSort (0ms)
			DisableScriptedObjects (13ms)
			BackupInstance (0ms)
			ReleaseScriptingObjects (0ms)
			CreateAndSetChildDomain (50ms)
		EndReloadAssembly (2527ms)
			LoadAssemblies (313ms)
			RebuildTransferFunctionScriptingTraits (0ms)
			SetupTypeCache (922ms)
			ReleaseScriptCaches (2ms)
			RebuildScriptCaches (124ms)
			SetupLoadedEditorAssemblies (899ms)
				LogAssemblyErrors (0ms)
				InitializePlatformSupportModulesInManaged (10ms)
				SetLoadedEditorAssemblies (0ms)
				RefreshPlugins (125ms)
				BeforeProcessingInitializeOnLoad (198ms)
				ProcessInitializeOnLoadAttributes (530ms)
				ProcessInitializeOnLoadMethodAttributes (26ms)
				AfterProcessingInitializeOnLoad (8ms)
				EditorAssembliesLoaded (0ms)
			ExecutionOrderSort2 (0ms)
			AwakeInstancesAfterBackupRestoration (18ms)
Platform modules already initialized, skipping
========================================================================
Worker process is ready to serve import requests
Launched and connected shader compiler UnityShaderCompiler.exe after 0.22 seconds
Refreshing native plugins compatible for Editor in 1.04 ms, found 2 plugins.
Preloading 0 native plugins for Editor in 0.00 ms.
Unloading 2804 Unused Serialized files (Serialized files now loaded: 0)
System memory in use before: 124.7 MB.
System memory in use after: 124.9 MB.

Unloading 20 unused Assets to reduce memory usage. Loaded Objects now: 3233.
Total: 3.266600 ms (FindLiveObjects: 0.243800 ms CreateObjectMapping: 0.122700 ms MarkObjects: 2.814800 ms  DeleteObjects: 0.084300 ms)

AssetImportParameters requested are different than current active one (requested -> active):
  custom:framework-win-MediaFoundation: 216162199b28c13a410421893ffa2e32 -> 
  custom:video-decoder-ogg-theora: a1e56fd34408186e4bbccfd4996cb3dc -> 
  custom:container-muxer-webm: aa71ff27fc2769a1b78a27578f13a17b -> 
  custom:container-demuxer-webm: 4f35f7cbe854078d1ac9338744f61a02 -> 
  custom:container-demuxer-ogg: 62fdf1f143b41e24485cea50d1cbac27 -> 
  custom:video-encoder-webm-vp8: eb34c28f22e8b96e1ab97ce403110664 -> 
  custom:video-decoder-webm-vp8: 9c59270c3fd7afecdb556c50c9e8de78 -> 
  custom:audio-decoder-ogg-vorbis: bf7c407c2cedff20999df2af8eb42d56 -> 
  custom:audio-encoder-webm-vorbis: bf7c407c2cedff20999df2af8eb42d56 -> 
========================================================================
Received Import Request.
  path: Assets/Readme.asset
  artifactKey: Guid(83c2ed844a8c74b779a4c823d16594b1) Importer(815301076,1909f56bfc062723c751e8b465ee728b)
Start importing Assets/Readme.asset using Guid(83c2ed844a8c74b779a4c823d16594b1) Importer(815301076,1909f56bfc062723c751e8b465ee728b)  -> (artifact id: '8ffd2c44ffeb50c574abb5d0c4453328') in 0.103628 seconds 
  Import took 0.141445 seconds .

========================================================================
Received Prepare
Registering precompiled user dll's ...
Registered in 0.005413 seconds.
Begin MonoManager ReloadAssembly
Native extension for WindowsStandalone target not found
Refreshing native plugins compatible for Editor in 0.90 ms, found 2 plugins.
Preloading 0 native plugins for Editor in 0.00 ms.
Mono: successfully reloaded assembly
- Completed reload, in  1.247 seconds
Domain Reload Profiling:
	ReloadAssembly (1247ms)
		BeginReloadAssembly (144ms)
			ExecutionOrderSort (0ms)
			DisableScriptedObjects (6ms)
			BackupInstance (0ms)
			ReleaseScriptingObjects (0ms)
			CreateAndSetChildDomain (45ms)
		EndReloadAssembly (1032ms)
			LoadAssemblies (139ms)
			RebuildTransferFunctionScriptingTraits (0ms)
			SetupTypeCache (373ms)
			ReleaseScriptCaches (1ms)
			RebuildScriptCaches (51ms)
			SetupLoadedEditorAssemblies (364ms)
				LogAssemblyErrors (0ms)
				InitializePlatformSupportModulesInManaged (4ms)
				SetLoadedEditorAssemblies (1ms)
				RefreshPlugins (1ms)
				BeforeProcessingInitializeOnLoad (98ms)
				ProcessInitializeOnLoadAttributes (246ms)
				ProcessInitializeOnLoadMethodAttributes (11ms)
				AfterProcessingInitializeOnLoad (3ms)
				EditorAssembliesLoaded (0ms)
			ExecutionOrderSort2 (0ms)
			AwakeInstancesAfterBackupRestoration (11ms)
Platform modules already initialized, skipping
Refreshing native plugins compatible for Editor in 0.51 ms, found 2 plugins.
Preloading 0 native plugins for Editor in 0.00 ms.
Unloading 2772 Unused Serialized files (Serialized files now loaded: 0)
System memory in use before: 120.0 MB.
System memory in use after: 120.3 MB.

Unloading 15 unused Assets to reduce memory usage. Loaded Objects now: 3313.
Total: 3.447700 ms (FindLiveObjects: 0.250000 ms CreateObjectMapping: 0.136200 ms MarkObjects: 3.035800 ms  DeleteObjects: 0.024300 ms)

AssetImportParameters requested are different than current active one (requested -> active):
  custom:framework-win-MediaFoundation: 216162199b28c13a410421893ffa2e32 -> 
  custom:video-decoder-ogg-theora: a1e56fd34408186e4bbccfd4996cb3dc -> 
  custom:container-muxer-webm: aa71ff27fc2769a1b78a27578f13a17b -> 
  custom:container-demuxer-webm: 4f35f7cbe854078d1ac9338744f61a02 -> 
  custom:container-demuxer-ogg: 62fdf1f143b41e24485cea50d1cbac27 -> 
  custom:video-encoder-webm-vp8: eb34c28f22e8b96e1ab97ce403110664 -> 
  custom:video-decoder-webm-vp8: 9c59270c3fd7afecdb556c50c9e8de78 -> 
  custom:audio-decoder-ogg-vorbis: bf7c407c2cedff20999df2af8eb42d56 -> 
  custom:audio-encoder-webm-vorbis: bf7c407c2cedff20999df2af8eb42d56 -> 
========================================================================
Received Import Request.
  Time since last request: 72.898500 seconds.
  path: Assets/Samples/XR Plugin Management/4.1.0/Example XR Management implementation
  artifactKey: Guid(7e9f831326733fb4c81de6079f72b18a) Importer(815301076,1909f56bfc062723c751e8b465ee728b)
Start importing Assets/Samples/XR Plugin Management/4.1.0/Example XR Management implementation using Guid(7e9f831326733fb4c81de6079f72b18a) Importer(815301076,1909f56bfc062723c751e8b465ee728b)  -> (artifact id: 'da8b2e09550ec1f5dc41ee0ea44206fa') in 0.011916 seconds 
  Import took 0.019213 seconds .

========================================================================
Received Prepare
Registering precompiled user dll's ...
Registered in 0.006957 seconds.
Begin MonoManager ReloadAssembly
Native extension for WindowsStandalone target not found
Refreshing native plugins compatible for Editor in 0.63 ms, found 2 plugins.
Preloading 0 native plugins for Editor in 0.00 ms.
Instance of Samples.SampleLoader couldn't be created because there is no script with that name.
UnityEngine.StackTraceUtility:ExtractStackTrace ()
UnityEngine.ScriptableObject:CreateInstance (string)
UnityEditor.XR.Management.EditorUtilities:CreateScriptableObjectInstance (string,string) (at Library/PackageCache/com.unity.xr.management@4.1.0/Editor/EditorUtilities.cs:95)
UnityEditor.XR.Management.XRPackageInitializationBootstrap:InitializeLoaderFromMetadata (string,System.Collections.Generic.List`1<UnityEditor.XR.Management.Metadata.IXRLoaderMetadata>) (at Library/PackageCache/com.unity.xr.management@4.1.0/Editor/XRPackageInitialization.cs:152)
UnityEditor.XR.Management.XRPackageInitializationBootstrap:InitializePackageFromMetadata (UnityEditor.XR.Management.Metadata.IXRPackage,UnityEditor.XR.Management.Metadata.IXRPackageMetadata) (at Library/PackageCache/com.unity.xr.management@4.1.0/Editor/XRPackageInitialization.cs:129)
UnityEditor.XR.Management.XRPackageInitializationBootstrap:InitPackage (UnityEditor.XR.Management.Metadata.IXRPackage) (at Library/PackageCache/com.unity.xr.management@4.1.0/Editor/XRPackageInitialization.cs:118)
UnityEditor.XR.Management.XRPackageInitializationBootstrap:BeginPackageInitialization () (at Library/PackageCache/com.unity.xr.management@4.1.0/Editor/XRPackageInitialization.cs:87)
UnityEditor.XR.Management.XRPackageInitializationBootstrap:.cctor () (at Library/PackageCache/com.unity.xr.management@4.1.0/Editor/XRPackageInitialization.cs:50)
System.Runtime.CompilerServices.RuntimeHelpers:RunClassConstructor (System.RuntimeTypeHandle)
UnityEditor.EditorAssemblies:ProcessInitializeOnLoadAttributes (System.Type[])

[Library/PackageCache/com.unity.xr.management@4.1.0/Editor/EditorUtilities.cs line 95]

We were unable to create an instance of the requested type Samples.SampleLoader. Please make sure that all packages are updated to support this version of XR Plug-In Management. See the Unity documentation for XR Plug-In Management for information on resolving this issue.
UnityEngine.StackTraceUtility:ExtractStackTrace ()
UnityEngine.DebugLogHandler:LogFormat (UnityEngine.LogType,UnityEngine.Object,string,object[])
UnityEngine.Logger:Log (UnityEngine.LogType,object)
UnityEngine.Debug:LogError (object)
UnityEditor.XR.Management.EditorUtilities:CreateScriptableObjectInstance (string,string) (at Library/PackageCache/com.unity.xr.management@4.1.0/Editor/EditorUtilities.cs:108)
UnityEditor.XR.Management.XRPackageInitializationBootstrap:InitializeLoaderFromMetadata (string,System.Collections.Generic.List`1<UnityEditor.XR.Management.Metadata.IXRLoaderMetadata>) (at Library/PackageCache/com.unity.xr.management@4.1.0/Editor/XRPackageInitialization.cs:152)
UnityEditor.XR.Management.XRPackageInitializationBootstrap:InitializePackageFromMetadata (UnityEditor.XR.Management.Metadata.IXRPackage,UnityEditor.XR.Management.Metadata.IXRPackageMetadata) (at Library/PackageCache/com.unity.xr.management@4.1.0/Editor/XRPackageInitialization.cs:129)
UnityEditor.XR.Management.XRPackageInitializationBootstrap:InitPackage (UnityEditor.XR.Management.Metadata.IXRPackage) (at Library/PackageCache/com.unity.xr.management@4.1.0/Editor/XRPackageInitialization.cs:118)
UnityEditor.XR.Management.XRPackageInitializationBootstrap:BeginPackageInitialization () (at Library/PackageCache/com.unity.xr.management@4.1.0/Editor/XRPackageInitialization.cs:87)
UnityEditor.XR.Management.XRPackageInitializationBootstrap:.cctor () (at Library/PackageCache/com.unity.xr.management@4.1.0/Editor/XRPackageInitialization.cs:50)
System.Runtime.CompilerServices.RuntimeHelpers:RunClassConstructor (System.RuntimeTypeHandle)
UnityEditor.EditorAssemblies:ProcessInitializeOnLoadAttributes (System.Type[])

(Filename: Library/PackageCache/com.unity.xr.management@4.1.0/Editor/EditorUtilities.cs Line: 108)

Error creating instance of loader Sample Loader One  <SAMPLE ONLY YOU MUST REIMPLEMENT> for package Sample Package <SAMPLE ONLY YOU MUST REIMPLEMENT>
UnityEngine.StackTraceUtility:ExtractStackTrace ()
UnityEngine.DebugLogHandler:LogFormat (UnityEngine.LogType,UnityEngine.Object,string,object[])
UnityEngine.Logger:Log (UnityEngine.LogType,object)
UnityEngine.Debug:LogError (object)
UnityEditor.XR.Management.XRPackageInitializationBootstrap:InitializeLoaderFromMetadata (string,System.Collections.Generic.List`1<UnityEditor.XR.Management.Metadata.IXRLoaderMetadata>) (at Library/PackageCache/com.unity.xr.management@4.1.0/Editor/XRPackageInitialization.cs:157)
UnityEditor.XR.Management.XRPackageInitializationBootstrap:InitializePackageFromMetadata (UnityEditor.XR.Management.Metadata.IXRPackage,UnityEditor.XR.Management.Metadata.IXRPackageMetadata) (at Library/PackageCache/com.unity.xr.management@4.1.0/Editor/XRPackageInitialization.cs:129)
UnityEditor.XR.Management.XRPackageInitializationBootstrap:InitPackage (UnityEditor.XR.Management.Metadata.IXRPackage) (at Library/PackageCache/com.unity.xr.management@4.1.0/Editor/XRPackageInitialization.cs:118)
UnityEditor.XR.Management.XRPackageInitializationBootstrap:BeginPackageInitialization () (at Library/PackageCache/com.unity.xr.management@4.1.0/Editor/XRPackageInitialization.cs:87)
UnityEditor.XR.Management.XRPackageInitializationBootstrap:.cctor () (at Library/PackageCache/com.unity.xr.management@4.1.0/Editor/XRPackageInitialization.cs:50)
System.Runtime.CompilerServices.RuntimeHelpers:RunClassConstructor (System.RuntimeTypeHandle)
UnityEditor.EditorAssemblies:ProcessInitializeOnLoadAttributes (System.Type[])

(Filename: Library/PackageCache/com.unity.xr.management@4.1.0/Editor/XRPackageInitialization.cs Line: 157)

Instance of Samples.SampleLoader couldn't be created because there is no script with that name.
UnityEngine.StackTraceUtility:ExtractStackTrace ()
UnityEngine.ScriptableObject:CreateInstance (string)
UnityEditor.XR.Management.EditorUtilities:CreateScriptableObjectInstance (string,string) (at Library/PackageCache/com.unity.xr.management@4.1.0/Editor/EditorUtilities.cs:95)
UnityEditor.XR.Management.XRPackageInitializationBootstrap:InitializeLoaderFromMetadata (string,System.Collections.Generic.List`1<UnityEditor.XR.Management.Metadata.IXRLoaderMetadata>) (at Library/PackageCache/com.unity.xr.management@4.1.0/Editor/XRPackageInitialization.cs:152)
UnityEditor.XR.Management.XRPackageInitializationBootstrap:InitializePackageFromMetadata (UnityEditor.XR.Management.Metadata.IXRPackage,UnityEditor.XR.Management.Metadata.IXRPackageMetadata) (at Library/PackageCache/com.unity.xr.management@4.1.0/Editor/XRPackageInitialization.cs:129)
UnityEditor.XR.Management.XRPackageInitializationBootstrap:InitPackage (UnityEditor.XR.Management.Metadata.IXRPackage) (at Library/PackageCache/com.unity.xr.management@4.1.0/Editor/XRPackageInitialization.cs:118)
UnityEditor.XR.Management.XRPackageInitializationBootstrap:BeginPackageInitialization () (at Library/PackageCache/com.unity.xr.management@4.1.0/Editor/XRPackageInitialization.cs:87)
UnityEditor.XR.Management.XRPackageInitializationBootstrap:.cctor () (at Library/PackageCache/com.unity.xr.management@4.1.0/Editor/XRPackageInitialization.cs:50)
System.Runtime.CompilerServices.RuntimeHelpers:RunClassConstructor (System.RuntimeTypeHandle)
UnityEditor.EditorAssemblies:ProcessInitializeOnLoadAttributes (System.Type[])

[Library/PackageCache/com.unity.xr.management@4.1.0/Editor/EditorUtilities.cs line 95]

We were unable to create an instance of the requested type Samples.SampleLoader. Please make sure that all packages are updated to support this version of XR Plug-In Management. See the Unity documentation for XR Plug-In Management for information on resolving this issue.
UnityEngine.StackTraceUtility:ExtractStackTrace ()
UnityEngine.DebugLogHandler:LogFormat (UnityEngine.LogType,UnityEngine.Object,string,object[])
UnityEngine.Logger:Log (UnityEngine.LogType,object)
UnityEngine.Debug:LogError (object)
UnityEditor.XR.Management.EditorUtilities:CreateScriptableObjectInstance (string,string) (at Library/PackageCache/com.unity.xr.management@4.1.0/Editor/EditorUtilities.cs:108)
UnityEditor.XR.Management.XRPackageInitializationBootstrap:InitializeLoaderFromMetadata (string,System.Collections.Generic.List`1<UnityEditor.XR.Management.Metadata.IXRLoaderMetadata>) (at Library/PackageCache/com.unity.xr.management@4.1.0/Editor/XRPackageInitialization.cs:152)
UnityEditor.XR.Management.XRPackageInitializationBootstrap:InitializePackageFromMetadata (UnityEditor.XR.Management.Metadata.IXRPackage,UnityEditor.XR.Management.Metadata.IXRPackageMetadata) (at Library/PackageCache/com.unity.xr.management@4.1.0/Editor/XRPackageInitialization.cs:129)
UnityEditor.XR.Management.XRPackageInitializationBootstrap:InitPackage (UnityEditor.XR.Management.Metadata.IXRPackage) (at Library/PackageCache/com.unity.xr.management@4.1.0/Editor/XRPackageInitialization.cs:118)
UnityEditor.XR.Management.XRPackageInitializationBootstrap:BeginPackageInitialization () (at Library/PackageCache/com.unity.xr.management@4.1.0/Editor/XRPackageInitialization.cs:87)
UnityEditor.XR.Management.XRPackageInitializationBootstrap:.cctor () (at Library/PackageCache/com.unity.xr.management@4.1.0/Editor/XRPackageInitialization.cs:50)
System.Runtime.CompilerServices.RuntimeHelpers:RunClassConstructor (System.RuntimeTypeHandle)
UnityEditor.EditorAssemblies:ProcessInitializeOnLoadAttributes (System.Type[])

(Filename: Library/PackageCache/com.unity.xr.management@4.1.0/Editor/EditorUtilities.cs Line: 108)

Error creating instance of loader Sample Loader Two <SAMPLE ONLY YOU MUST REIMPLEMENT> for package Sample Package <SAMPLE ONLY YOU MUST REIMPLEMENT>
UnityEngine.StackTraceUtility:ExtractStackTrace ()
UnityEngine.DebugLogHandler:LogFormat (UnityEngine.LogType,UnityEngine.Object,string,object[])
UnityEngine.Logger:Log (UnityEngine.LogType,object)
UnityEngine.Debug:LogError (object)
UnityEditor.XR.Management.XRPackageInitializationBootstrap:InitializeLoaderFromMetadata (string,System.Collections.Generic.List`1<UnityEditor.XR.Management.Metadata.IXRLoaderMetadata>) (at Library/PackageCache/com.unity.xr.management@4.1.0/Editor/XRPackageInitialization.cs:157)
UnityEditor.XR.Management.XRPackageInitializationBootstrap:InitializePackageFromMetadata (UnityEditor.XR.Management.Metadata.IXRPackage,UnityEditor.XR.Management.Metadata.IXRPackageMetadata) (at Library/PackageCache/com.unity.xr.management@4.1.0/Editor/XRPackageInitialization.cs:129)
UnityEditor.XR.Management.XRPackageInitializationBootstrap:InitPackage (UnityEditor.XR.Management.Metadata.IXRPackage) (at Library/PackageCache/com.unity.xr.management@4.1.0/Editor/XRPackageInitialization.cs:118)
UnityEditor.XR.Management.XRPackageInitializationBootstrap:BeginPackageInitialization () (at Library/PackageCache/com.unity.xr.management@4.1.0/Editor/XRPackageInitialization.cs:87)
UnityEditor.XR.Management.XRPackageInitializationBootstrap:.cctor () (at Library/PackageCache/com.unity.xr.management@4.1.0/Editor/XRPackageInitialization.cs:50)
System.Runtime.CompilerServices.RuntimeHelpers:RunClassConstructor (System.RuntimeTypeHandle)
UnityEditor.EditorAssemblies:ProcessInitializeOnLoadAttributes (System.Type[])

(Filename: Library/PackageCache/com.unity.xr.management@4.1.0/Editor/XRPackageInitialization.cs Line: 157)

Instance of Samples.SampleSettings couldn't be created because there is no script with that name.
UnityEngine.StackTraceUtility:ExtractStackTrace ()
UnityEngine.ScriptableObject:CreateInstance (string)
UnityEditor.XR.Management.EditorUtilities:CreateScriptableObjectInstance (string,string) (at Library/PackageCache/com.unity.xr.management@4.1.0/Editor/EditorUtilities.cs:95)
UnityEditor.XR.Management.XRPackageInitializationBootstrap:InitializeSettingsFromMetadata (UnityEditor.XR.Management.Metadata.IXRPackage,string,string) (at Library/PackageCache/com.unity.xr.management@4.1.0/Editor/XRPackageInitialization.cs:183)
UnityEditor.XR.Management.XRPackageInitializationBootstrap:InitializePackageFromMetadata (UnityEditor.XR.Management.Metadata.IXRPackage,UnityEditor.XR.Management.Metadata.IXRPackageMetadata) (at Library/PackageCache/com.unity.xr.management@4.1.0/Editor/XRPackageInitialization.cs:130)
UnityEditor.XR.Management.XRPackageInitializationBootstrap:InitPackage (UnityEditor.XR.Management.Metadata.IXRPackage) (at Library/PackageCache/com.unity.xr.management@4.1.0/Editor/XRPackageInitialization.cs:118)
UnityEditor.XR.Management.XRPackageInitializationBootstrap:BeginPackageInitialization () (at Library/PackageCache/com.unity.xr.management@4.1.0/Editor/XRPackageInitialization.cs:87)
UnityEditor.XR.Management.XRPackageInitializationBootstrap:.cctor () (at Library/PackageCache/com.unity.xr.management@4.1.0/Editor/XRPackageInitialization.cs:50)
System.Runtime.CompilerServices.RuntimeHelpers:RunClassConstructor (System.RuntimeTypeHandle)
UnityEditor.EditorAssemblies:ProcessInitializeOnLoadAttributes (System.Type[])

[Library/PackageCache/com.unity.xr.management@4.1.0/Editor/EditorUtilities.cs line 95]

We were unable to create an instance of the requested type Samples.SampleSettings. Please make sure that all packages are updated to support this version of XR Plug-In Management. See the Unity documentation for XR Plug-In Management for information on resolving this issue.
UnityEngine.StackTraceUtility:ExtractStackTrace ()
UnityEngine.DebugLogHandler:LogFormat (UnityEngine.LogType,UnityEngine.Object,string,object[])
UnityEngine.Logger:Log (UnityEngine.LogType,object)
UnityEngine.Debug:LogError (object)
UnityEditor.XR.Management.EditorUtilities:CreateScriptableObjectInstance (string,string) (at Library/PackageCache/com.unity.xr.management@4.1.0/Editor/EditorUtilities.cs:108)
UnityEditor.XR.Management.XRPackageInitializationBootstrap:InitializeSettingsFromMetadata (UnityEditor.XR.Management.Metadata.IXRPackage,string,string) (at Library/PackageCache/com.unity.xr.management@4.1.0/Editor/XRPackageInitialization.cs:183)
UnityEditor.XR.Management.XRPackageInitializationBootstrap:InitializePackageFromMetadata (UnityEditor.XR.Management.Metadata.IXRPackage,UnityEditor.XR.Management.Metadata.IXRPackageMetadata) (at Library/PackageCache/com.unity.xr.management@4.1.0/Editor/XRPackageInitialization.cs:130)
UnityEditor.XR.Management.XRPackageInitializationBootstrap:InitPackage (UnityEditor.XR.Management.Metadata.IXRPackage) (at Library/PackageCache/com.unity.xr.management@4.1.0/Editor/XRPackageInitialization.cs:118)
UnityEditor.XR.Management.XRPackageInitializationBootstrap:BeginPackageInitialization () (at Library/PackageCache/com.unity.xr.management@4.1.0/Editor/XRPackageInitialization.cs:87)
UnityEditor.XR.Management.XRPackageInitializationBootstrap:.cctor () (at Library/PackageCache/com.unity.xr.management@4.1.0/Editor/XRPackageInitialization.cs:50)
System.Runtime.CompilerServices.RuntimeHelpers:RunClassConstructor (System.RuntimeTypeHandle)
UnityEditor.EditorAssemblies:ProcessInitializeOnLoadAttributes (System.Type[])

(Filename: Library/PackageCache/com.unity.xr.management@4.1.0/Editor/EditorUtilities.cs Line: 108)

Mono: successfully reloaded assembly
- Completed reload, in  1.269 seconds
Domain Reload Profiling:
	ReloadAssembly (1269ms)
		BeginReloadAssembly (141ms)
			ExecutionOrderSort (0ms)
			DisableScriptedObjects (6ms)
			BackupInstance (0ms)
			ReleaseScriptingObjects (0ms)
			CreateAndSetChildDomain (42ms)
		EndReloadAssembly (1052ms)
			LoadAssemblies (137ms)
			RebuildTransferFunctionScriptingTraits (0ms)
			SetupTypeCache (358ms)
			ReleaseScriptCaches (1ms)
			RebuildScriptCaches (49ms)
			SetupLoadedEditorAssemblies (399ms)
				LogAssemblyErrors (0ms)
				InitializePlatformSupportModulesInManaged (3ms)
				SetLoadedEditorAssemblies (1ms)
				RefreshPlugins (1ms)
				BeforeProcessingInitializeOnLoad (112ms)
				ProcessInitializeOnLoadAttributes (269ms)
				ProcessInitializeOnLoadMethodAttributes (9ms)
				AfterProcessingInitializeOnLoad (4ms)
				EditorAssembliesLoaded (0ms)
			ExecutionOrderSort2 (0ms)
			AwakeInstancesAfterBackupRestoration (11ms)
Platform modules already initialized, skipping
Refreshing native plugins compatible for Editor in 0.65 ms, found 2 plugins.
Preloading 0 native plugins for Editor in 0.00 ms.
Unloading 2780 Unused Serialized files (Serialized files now loaded: 0)
System memory in use before: 123.8 MB.
System memory in use after: 123.8 MB.

Unloading 16 unused Assets to reduce memory usage. Loaded Objects now: 3325.
Total: 3.183400 ms (FindLiveObjects: 0.278700 ms CreateObjectMapping: 0.121600 ms MarkObjects: 2.764900 ms  DeleteObjects: 0.017500 ms)

AssetImportParameters requested are different than current active one (requested -> active):
  custom:framework-win-MediaFoundation: 216162199b28c13a410421893ffa2e32 -> 
  custom:video-decoder-ogg-theora: a1e56fd34408186e4bbccfd4996cb3dc -> 
  custom:container-muxer-webm: aa71ff27fc2769a1b78a27578f13a17b -> 
  custom:container-demuxer-webm: 4f35f7cbe854078d1ac9338744f61a02 -> 
  custom:container-demuxer-ogg: 62fdf1f143b41e24485cea50d1cbac27 -> 
  custom:video-encoder-webm-vp8: eb34c28f22e8b96e1ab97ce403110664 -> 
  custom:video-decoder-webm-vp8: 9c59270c3fd7afecdb556c50c9e8de78 -> 
  custom:audio-decoder-ogg-vorbis: bf7c407c2cedff20999df2af8eb42d56 -> 
  custom:audio-encoder-webm-vorbis: bf7c407c2cedff20999df2af8eb42d56 -> 
========================================================================
Received Prepare
Registering precompiled user dll's ...
Registered in 0.005363 seconds.
Begin MonoManager ReloadAssembly
Native extension for WindowsStandalone target not found
Refreshing native plugins compatible for Editor in 60.97 ms, found 2 plugins.
Preloading 0 native plugins for Editor in 0.00 ms.
Mono: successfully reloaded assembly
- Completed reload, in  1.049 seconds
Domain Reload Profiling:
	ReloadAssembly (1049ms)
		BeginReloadAssembly (124ms)
			ExecutionOrderSort (0ms)
			DisableScriptedObjects (5ms)
			BackupInstance (0ms)
			ReleaseScriptingObjects (0ms)
			CreateAndSetChildDomain (37ms)
		EndReloadAssembly (850ms)
			LoadAssemblies (104ms)
			RebuildTransferFunctionScriptingTraits (0ms)
			SetupTypeCache (274ms)
			ReleaseScriptCaches (1ms)
			RebuildScriptCaches (30ms)
			SetupLoadedEditorAssemblies (301ms)
				LogAssemblyErrors (0ms)
				InitializePlatformSupportModulesInManaged (3ms)
				SetLoadedEditorAssemblies (0ms)
				RefreshPlugins (61ms)
				BeforeProcessingInitializeOnLoad (113ms)
				ProcessInitializeOnLoadAttributes (115ms)
				ProcessInitializeOnLoadMethodAttributes (5ms)
				AfterProcessingInitializeOnLoad (4ms)
				EditorAssembliesLoaded (0ms)
			ExecutionOrderSort2 (0ms)
			AwakeInstancesAfterBackupRestoration (8ms)
Platform modules already initialized, skipping
Refreshing native plugins compatible for Editor in 0.67 ms, found 2 plugins.
Preloading 0 native plugins for Editor in 0.00 ms.
Unloading 3377 Unused Serialized files (Serialized files now loaded: 0)
System memory in use before: 143.5 MB.
System memory in use after: 143.7 MB.

Unloading 61 unused Assets to reduce memory usage. Loaded Objects now: 3876.
Total: 3.835700 ms (FindLiveObjects: 0.318900 ms CreateObjectMapping: 0.212000 ms MarkObjects: 3.068200 ms  DeleteObjects: 0.235200 ms)

AssetImportParameters requested are different than current active one (requested -> active):
  custom:framework-win-MediaFoundation: 216162199b28c13a410421893ffa2e32 -> 
  custom:video-decoder-ogg-theora: a1e56fd34408186e4bbccfd4996cb3dc -> 
  custom:container-muxer-webm: aa71ff27fc2769a1b78a27578f13a17b -> 
  custom:container-demuxer-webm: 4f35f7cbe854078d1ac9338744f61a02 -> 
  custom:container-demuxer-ogg: 62fdf1f143b41e24485cea50d1cbac27 -> 
  custom:srp/default-shader: 0000e00a000e0de00000e000e0000000 -> 00a0da0d000000000000000000000000
  custom:video-encoder-webm-vp8: eb34c28f22e8b96e1ab97ce403110664 -> 
  custom:video-decoder-webm-vp8: 9c59270c3fd7afecdb556c50c9e8de78 -> 
  custom:audio-decoder-ogg-vorbis: bf7c407c2cedff20999df2af8eb42d56 -> 
  custom:audio-encoder-webm-vorbis: bf7c407c2cedff20999df2af8eb42d56 -> 
AssetImportWorkerClient::OnTransportError - code=2 error=End of file
